<?xml version="1.0" encoding="utf-8"?><testsuites name="pytest tests"><testsuite name="pytest" errors="0" failures="0" skipped="0" tests="20" time="7.770" timestamp="2026-03-13T17:56:13.466274+00:00" hostname="agent-env-2561bf50-66ce-4106-bef6-fbbbc483a821"><testcase classname="backend.tests.test_iteration3_features.TestAdminLogin" name="test_admin_login" time="0.510" /><testcase classname="backend.tests.test_iteration3_features.TestSettingsApi" name="test_get_settings_returns_logo_image" time="0.278" /><testcase classname="backend.tests.test_iteration3_features.TestSettingsApi" name="test_update_settings_logo_image" time="0.658" /><testcase classname="backend.tests.test_iteration3_features.TestAdminPasswordChange" name="test_admin_change_password_endpoint_exists" time="0.700" /><testcase classname="backend.tests.test_iteration3_features.TestAdminPasswordChange" name="test_admin_change_password_requires_auth" time="0.165" /><testcase classname="backend.tests.test_iteration3_features.TestCustomerManagement" name="test_get_customers_list" time="0.473" /><testcase classname="backend.tests.test_iteration3_features.TestCustomerManagement" name="test_customer_has_booking_count" time="0.604" /><testcase classname="backend.tests.test_iteration3_features.TestCustomerManagement" name="test_update_customer" time="0.278" /><testcase classname="backend.tests.test_iteration3_features.TestCustomerManagement" name="test_reset_customer_password" time="0.411" /><testcase classname="backend.tests.test_iteration3_features.TestCustomerManagement" name="test_delete_customer" time="0.266" /><testcase classname="backend.tests.test_iteration3_features.TestSupportRequestApi" name="test_create_support_request_phone_only" time="0.117" /><testcase classname="backend.tests.test_iteration3_features.TestSupportRequestApi" name="test_support_request_fields_optional" time="0.125" /><testcase classname="backend.tests.test_iteration3_features.TestEnquiriesApi" name="test_create_enquiry" time="0.190" /><testcase classname="backend.tests.test_iteration3_features.TestEnquiriesApi" name="test_admin_get_enquiries" time="0.746" /><testcase classname="backend.tests.test_iteration3_features.TestEnquiriesApi" name="test_enquiry_default_status_unread" time="0.242" /><testcase classname="backend.tests.test_iteration3_features.TestEnquiriesApi" name="test_update_enquiry_status" time="0.506" /><testcase classname="backend.tests.test_iteration3_features.TestEnquiriesApi" name="test_delete_enquiry" time="0.469" /><testcase classname="backend.tests.test_iteration3_features.TestEnquiriesRequiresAuth" name="test_get_enquiries_requires_auth" time="0.615" /><testcase classname="backend.tests.test_iteration3_features.TestEnquiriesRequiresAuth" name="test_update_enquiry_requires_auth" time="0.174" /><testcase classname="backend.tests.test_iteration3_features.TestEnquiriesRequiresAuth" name="test_delete_enquiry_requires_auth" time="0.160" /></testsuite></testsuites>