<?xml version="1.0" encoding="utf-8"?><testsuites name="pytest tests"><testsuite name="pytest" errors="0" failures="0" skipped="0" tests="19" time="3.970" timestamp="2026-03-13T16:42:52.757804+00:00" hostname="agent-env-2561bf50-66ce-4106-bef6-fbbbc483a821"><testcase classname="backend.tests.test_api.TestHealthCheck" name="test_settings_endpoint_accessible" time="0.436" /><testcase classname="backend.tests.test_api.TestHealthCheck" name="test_services_endpoint_accessible" time="0.061" /><testcase classname="backend.tests.test_api.TestHealthCheck" name="test_staff_endpoint_accessible" time="0.080" /><testcase classname="backend.tests.test_api.TestAuthentication" name="test_admin_login_success" time="0.358" /><testcase classname="backend.tests.test_api.TestAuthentication" name="test_admin_login_invalid_password" time="0.285" /><testcase classname="backend.tests.test_api.TestAuthentication" name="test_user_registration" time="0.283" /><testcase classname="backend.tests.test_api.TestAuthentication" name="test_user_login_with_email" time="0.576" /><testcase classname="backend.tests.test_api.TestAuthentication" name="test_user_login_with_phone" time="0.571" /><testcase classname="backend.tests.test_api.TestSupportRequests" name="test_create_support_request" time="0.068" /><testcase classname="backend.tests.test_api.TestSupportRequests" name="test_get_support_requests_admin" time="0.346" /><testcase classname="backend.tests.test_api.TestCustomerManagement" name="test_get_customers_admin" time="0.080" /><testcase classname="backend.tests.test_api.TestSettingsManagement" name="test_get_settings_public" time="0.055" /><testcase classname="backend.tests.test_api.TestSettingsManagement" name="test_update_settings_admin" time="0.261" /><testcase classname="backend.tests.test_api.TestCouponValidation" name="test_validate_invalid_coupon" time="0.067" /><testcase classname="backend.tests.test_api.TestCouponValidation" name="test_create_and_validate_coupon" time="0.135" /><testcase classname="backend.tests.test_api.TestReviews" name="test_create_review_public" time="0.058" /><testcase classname="backend.tests.test_api.TestReviews" name="test_get_approved_reviews" time="0.063" /><testcase classname="backend.tests.test_api.TestReviews" name="test_get_all_reviews_admin" time="0.055" /><testcase classname="backend.tests.test_api.TestAppointments" name="test_get_available_slots" time="0.057" /></testsuite></testsuites>