<?xml version="1.0" encoding="utf-8"?><testsuites name="pytest tests"><testsuite name="pytest" errors="0" failures="0" skipped="0" tests="20" time="7.073" timestamp="2026-03-14T13:25:12.759984+00:00" hostname="agent-env-2561bf50-66ce-4106-bef6-fbbbc483a821"><testcase classname="backend.tests.test_pwa_features.TestHealthAndBasicAPIs" name="test_services_api_returns_list" time="0.306" /><testcase classname="backend.tests.test_pwa_features.TestHealthAndBasicAPIs" name="test_staff_api_returns_list" time="0.108" /><testcase classname="backend.tests.test_pwa_features.TestHealthAndBasicAPIs" name="test_settings_api_returns_settings" time="0.181" /><testcase classname="backend.tests.test_pwa_features.TestHealthAndBasicAPIs" name="test_gallery_api_returns_list" time="0.107" /><testcase classname="backend.tests.test_pwa_features.TestHealthAndBasicAPIs" name="test_videos_api_returns_list" time="0.109" /><testcase classname="backend.tests.test_pwa_features.TestHealthAndBasicAPIs" name="test_reviews_api_returns_approved_only" time="0.107" /><testcase classname="backend.tests.test_pwa_features.TestAuthenticationFlow" name="test_admin_login_success" time="0.327" /><testcase classname="backend.tests.test_pwa_features.TestAuthenticationFlow" name="test_admin_login_invalid_credentials" time="0.322" /><testcase classname="backend.tests.test_pwa_features.TestAuthenticationFlow" name="test_user_login_success" time="0.318" /><testcase classname="backend.tests.test_pwa_features.TestAuthenticationFlow" name="test_user_login_invalid_credentials" time="0.318" /><testcase classname="backend.tests.test_pwa_features.TestAppointmentsAPI" name="test_get_appointments_as_admin" time="0.459" /><testcase classname="backend.tests.test_pwa_features.TestAppointmentsAPI" name="test_get_appointments_as_user" time="0.427" /><testcase classname="backend.tests.test_pwa_features.TestAppointmentsAPI" name="test_appointment_has_service_details" time="0.432" /><testcase classname="backend.tests.test_pwa_features.TestAppointmentsAPI" name="test_update_appointment_status_as_admin" time="0.542" /><testcase classname="backend.tests.test_pwa_features.TestAdminDashboardAPIs" name="test_dashboard_stats_endpoint" time="0.480" /><testcase classname="backend.tests.test_pwa_features.TestAdminDashboardAPIs" name="test_revenue_data_endpoint" time="0.439" /><testcase classname="backend.tests.test_pwa_features.TestAdminCRUDOperations" name="test_services_crud_as_admin" time="0.675" /><testcase classname="backend.tests.test_pwa_features.TestAdminCRUDOperations" name="test_staff_crud_as_admin" time="0.518" /><testcase classname="backend.tests.test_pwa_features.TestAdminCRUDOperations" name="test_settings_update_as_admin" time="0.603" /><testcase classname="backend.tests.test_pwa_features.TestAvailableSlots" name="test_available_slots_endpoint" time="0.217" /></testsuite></testsuites>