<?xml version="1.0" encoding="utf-8"?><testsuites name="pytest tests"><testsuite name="pytest" errors="0" failures="0" skipped="0" tests="15" time="7.090" timestamp="2026-03-14T13:38:53.408789+00:00" hostname="agent-env-2561bf50-66ce-4106-bef6-fbbbc483a821"><testcase classname="backend.tests.test_unified_login_ics.TestUnifiedLogin" name="test_admin_login_via_unified_endpoint" time="0.551" /><testcase classname="backend.tests.test_unified_login_ics.TestUnifiedLogin" name="test_customer_email_login_via_unified_endpoint" time="0.355" /><testcase classname="backend.tests.test_unified_login_ics.TestUnifiedLogin" name="test_customer_phone_login_via_unified_endpoint" time="0.322" /><testcase classname="backend.tests.test_unified_login_ics.TestUnifiedLogin" name="test_invalid_credentials_unified_login" time="0.110" /><testcase classname="backend.tests.test_unified_login_ics.TestUnifiedLogin" name="test_wrong_password_unified_login" time="0.332" /><testcase classname="backend.tests.test_unified_login_ics.TestICSCalendarFile" name="test_ics_file_download_success" time="0.549" /><testcase classname="backend.tests.test_unified_login_ics.TestICSCalendarFile" name="test_ics_file_has_correct_title" time="0.551" /><testcase classname="backend.tests.test_unified_login_ics.TestICSCalendarFile" name="test_ics_file_has_correct_location" time="0.550" /><testcase classname="backend.tests.test_unified_login_ics.TestICSCalendarFile" name="test_ics_file_has_parlour_phone_not_customer_phone" time="0.566" /><testcase classname="backend.tests.test_unified_login_ics.TestICSCalendarFile" name="test_ics_file_has_service_and_staff_in_description" time="0.530" /><testcase classname="backend.tests.test_unified_login_ics.TestICSCalendarFile" name="test_ics_unauthorized_access" time="0.901" /><testcase classname="backend.tests.test_unified_login_ics.TestICSCalendarFile" name="test_ics_invalid_appointment_id" time="0.481" /><testcase classname="backend.tests.test_unified_login_ics.TestICSCalendarFile" name="test_ics_without_auth" time="0.582" /><testcase classname="backend.tests.test_unified_login_ics.TestLegacyLoginEndpoints" name="test_legacy_customer_login" time="0.324" /><testcase classname="backend.tests.test_unified_login_ics.TestLegacyLoginEndpoints" name="test_legacy_admin_login" time="0.323" /></testsuite></testsuites>