<?xml version="1.0" encoding="utf-8"?><testsuites name="pytest tests"><testsuite name="pytest" errors="0" failures="0" skipped="0" tests="7" time="3.954" timestamp="2026-03-13T17:10:28.987701+00:00" hostname="agent-env-2561bf50-66ce-4106-bef6-fbbbc483a821"><testcase classname="backend.tests.test_new_features.TestSettingsWeeklyHours" name="test_settings_has_weekly_hours" time="0.252" /><testcase classname="backend.tests.test_new_features.TestSettingsWeeklyHours" name="test_admin_update_weekly_hours" time="0.779" /><testcase classname="backend.tests.test_new_features.TestAvailableSlotsAPI" name="test_get_available_slots_today" time="0.293" /><testcase classname="backend.tests.test_new_features.TestAvailableSlotsAPI" name="test_get_slots_for_future_date" time="0.279" /><testcase classname="backend.tests.test_new_features.TestAvailableSlotsAPI" name="test_closed_day_returns_no_slots" time="0.856" /><testcase classname="backend.tests.test_new_features.TestMultipleBookingsPerSlot" name="test_multiple_bookings_same_slot" time="1.086" /><testcase classname="backend.tests.test_new_features.TestBookingPastClosingTime" name="test_booking_closed_for_today_message" time="0.352" /></testsuite></testsuites>