<?xml version="1.0" encoding="utf-8"?><testsuites name="pytest tests"><testsuite name="pytest" errors="0" failures="0" skipped="0" tests="15" time="5.217" timestamp="2026-03-14T09:34:53.138867+00:00" hostname="agent-env-2561bf50-66ce-4106-bef6-fbbbc483a821"><testcase classname="backend.tests.test_pwa_features.TestPWAStaticAssets" name="test_manifest_json_accessible" time="0.204" /><testcase classname="backend.tests.test_pwa_features.TestPWAStaticAssets" name="test_manifest_has_required_fields" time="0.130" /><testcase classname="backend.tests.test_pwa_features.TestPWAStaticAssets" name="test_service_worker_accessible" time="0.119" /><testcase classname="backend.tests.test_pwa_features.TestPWAStaticAssets" name="test_offline_html_accessible" time="0.132" /><testcase classname="backend.tests.test_pwa_features.TestPWAStaticAssets" name="test_icon_192x192_accessible" time="0.119" /><testcase classname="backend.tests.test_pwa_features.TestPWAStaticAssets" name="test_icon_512x512_accessible" time="0.163" /><testcase classname="backend.tests.test_pwa_features.TestICSCalendarEndpoint" name="test_ics_endpoint_requires_auth" time="0.132" /><testcase classname="backend.tests.test_pwa_features.TestICSCalendarEndpoint" name="test_ics_endpoint_returns_ics_file" time="0.740" /><testcase classname="backend.tests.test_pwa_features.TestICSCalendarEndpoint" name="test_ics_content_is_valid" time="0.712" /><testcase classname="backend.tests.test_pwa_features.TestICSCalendarEndpoint" name="test_ics_has_alarm_reminders" time="0.724" /><testcase classname="backend.tests.test_pwa_features.TestICSCalendarEndpoint" name="test_ics_non_existent_appointment" time="0.466" /><testcase classname="backend.tests.test_pwa_features.TestICSCalendarEndpoint" name="test_ics_unauthorized_access" time="1.059" /><testcase classname="backend.tests.test_pwa_features.TestAPIEndpoints" name="test_settings_endpoint" time="0.192" /><testcase classname="backend.tests.test_pwa_features.TestAPIEndpoints" name="test_services_endpoint" time="0.122" /><testcase classname="backend.tests.test_pwa_features.TestAPIEndpoints" name="test_staff_endpoint" time="0.135" /></testsuite></testsuites>